stty: 'standard input': Inappropriate ioctl for device
stty: 'standard input': Inappropriate ioctl for device
/usr/bin/bashtop: line 451: ((: <80 | <25: syntax error: operand expected (error token is "<80 | <25")
stty: 'standard input': Inappropriate ioctl for device
stty: 'standard input': Inappropriate ioctl for device
/usr/bin/bashtop: line 451: ((: <80 | <25: syntax error: operand expected (error token is "<80 | <25")
stty: 'standard input': Inappropriate ioctl for device
stty: 'standard input': Inappropriate ioctl for device
/usr/bin/bashtop: line 451: ((: <80 | <25: syntax error: operand expected (error token is "<80 | <25")
stty: 'standard input': Inappropriate ioctl for device
stty: 'standard input': Inappropriate ioctl for device
/usr/bin/bashtop: line 451: ((: <80 | <25: syntax error: operand expected (error token is "<80 | <25")
stty: 'standard input': Inappropriate ioctl for device
stty: 'standard input': Inappropriate ioctl for device
/usr/bin/bashtop: line 451: ((: <80 | <25: syntax error: operand expected (error token is "<80 | <25")
stty: 'standard input': Inappropriate ioctl for device
stty: 'standard input': Inappropriate ioctl for device
/usr/bin/bashtop: line 451: ((: <80 | <25: syntax error: operand expected (error token is "<80 | <25")
stty: 'standard input': Inappropriate ioctl for device
stty: 'standard input': Inappropriate ioctl for device
/usr/bin/bashtop: line 451: ((: <80 | <25: syntax error: operand expected (error token is "<80 | <25")
stty: 'standard input': Inappropriate ioctl for device
stty: 'standard input': Inappropriate ioctl for device
/usr/bin/bashtop: line 451: ((: <80 | <25: syntax error: operand expected (error token is "<80 | <25")
stty: 'standard input': Inappropriate ioctl for device
stty: 'standard input': Inappropriate ioctl for device
/usr/bin/bashtop: line 451: ((: <80 | <25: syntax error: operand expected (error token is "<80 | <25")
stty: 'standard input': Inappropriate ioctl for device
stty: 'standard input': Inappropriate ioctl for device
/usr/bin/bashtop: line 451: ((: <80 | <25: syntax error: operand expected (error token is "<80 | <25")
stty: 'standard input': Inappropriate ioctl for device
stty: 'standard input': Inappropriate ioctl for device
/usr/bin/bashtop: line 451: ((: <80 | <25: syntax error: operand expected (error token is "<80 | <25")
stty: 'standard input': Inappropriate ioctl for device
stty: 'standard input': Inappropriate ioctl for device
/usr/bin/bashtop: line 451: ((: <80 | <25: syntax error: operand expected (error token is "<80 | <25")
stty: 'standard input': Inappropriate ioctl for device
stty: 'standard input': Inappropriate ioctl for device
/usr/bin/bashtop: line 451: ((: <80 | <25: syntax error: operand expected (error token is "<80 | <25")
stty: 'standard input': Inappropriate ioctl for device
stty: 'standard input': Inappropriate ioctl for device
/usr/bin/bashtop: line 451: ((: <80 | <25: syntax error: operand expected (error token is "<80 | <25")
stty: 'standard input': Inappropriate ioctl for device
stty: 'standard input': Inappropriate ioctl for device
/usr/bin/bashtop: line 451: ((: <80 | <25: syntax error: operand expected (error token is "<80 | <25")
stty: 'standard input': Inappropriate ioctl for device
stty: 'standard input': Inappropriate ioctl for device
/usr/bin/bashtop: line 451: ((: <80 | <25: syntax error: operand expected (error token is "<80 | <25")
stty: 'standard input': Inappropriate ioctl for device
stty: 'standard input': Inappropriate ioctl for device
/usr/bin/bashtop: line 451: ((: <80 | <25: syntax error: operand expected (error token is "<80 | <25")
stty: 'standard input': Inappropriate ioctl for device
stty: 'standard input': Inappropriate ioctl for device
/usr/bin/bashtop: line 451: ((: <80 | <25: syntax error: operand expected (error token is "<80 | <25")
stty: 'standard input': Inappropriate ioctl for device
stty: 'standard input': Inappropriate ioctl for device
/usr/bin/bashtop: line 451: ((: <80 | <25: syntax error: operand expected (error token is "<80 | <25")
stty: 'standard input': Inappropriate ioctl for device
stty: 'standard input': Inappropriate ioctl for device
/usr/bin/bashtop: line 451: ((: <80 | <25: syntax error: operand expected (error token is "<80 | <25")
stty: 'standard input': Inappropriate ioctl for device
stty: 'standard input': Inappropriate ioctl for device
/usr/bin/bashtop: line 451: ((: <80 | <25: syntax error: operand expected (error token is "<80 | <25")
stty: 'standard input': Inappropriate ioctl for device
stty: 'standard input': Inappropriate ioctl for device
/usr/bin/bashtop: line 451: ((: <80 | <25: syntax error: operand expected (error token is "<80 | <25")
stty: 'standard input': Inappropriate ioctl for device
stty: 'standard input': Inappropriate ioctl for device
/usr/bin/bashtop: line 451: ((: <80 | <25: syntax error: operand expected (error token is "<80 | <25")
stty: 'standard input': Inappropriate ioctl for device
stty: 'standard input': Inappropriate ioctl for device
/usr/bin/bashtop: line 451: ((: <80 | <25: syntax error: operand expected (error token is "<80 | <25")
stty: 'standard input': Inappropriate ioctl for device
stty: 'standard input': Inappropriate ioctl for device
/usr/bin/bashtop: line 451: ((: <80 | <25: syntax error: operand expected (error token is "<80 | <25")
stty: 'standard input': Inappropriate ioctl for device
stty: 'standard input': Inappropriate ioctl for device
/usr/bin/bashtop: line 451: ((: <80 | <25: syntax error: operand expected (error token is "<80 | <25")
stty: 'standard input': Inappropriate ioctl for device
stty: 'standard input': Inappropriate ioctl for device
/usr/bin/bashtop: line 451: ((: <80 | <25: syntax error: operand expected (error token is "<80 | <25")
stty: 'standard input': Inappropriate ioctl for device
stty: 'standard input': Inappropriate ioctl for device
/usr/bin/bashtop: line 451: ((: <80 | <25: syntax error: operand expected (error token is "<80 | <25")
stty: 'standard input': Inappropriate ioctl for device
stty: 'standard input': Inappropriate ioctl for device
/usr/bin/bashtop: line 451: ((: <80 | <25: syntax error: operand expected (error token is "<80 | <25")
stty: 'standard input': Inappropriate ioctl for device
stty: 'standard input': Inappropriate ioctl for device
/usr/bin/bashtop: line 451: ((: <80 | <25: syntax error: operand expected (error token is "<80 | <25")
stty: 'standard input': Inappropriate ioctl for device
stty: 'standard input': Inappropriate ioctl for device
/usr/bin/bashtop: line 451: ((: <80 | <25: syntax error: operand expected (error token is "<80 | <25")
stty: 'standard input': Inappropriate ioctl for device
stty: 'standard input': Inappropriate ioctl for device
/usr/bin/bashtop: line 451: ((: <80 | <25: syntax error: operand expected (error token is "<80 | <25")
stty: 'standard input': Inappropriate ioctl for device
stty: 'standard input': Inappropriate ioctl for device
/usr/bin/bashtop: line 451: ((: <80 | <25: syntax error: operand expected (error token is "<80 | <25")
stty: 'standard input': Inappropriate ioctl for device
stty: 'standard input': Inappropriate ioctl for device
/usr/bin/bashtop: line 451: ((: <80 | <25: syntax error: operand expected (error token is "<80 | <25")
stty: 'standard input': Inappropriate ioctl for device
stty: 'standard input': Inappropriate ioctl for device
/usr/bin/bashtop: line 451: ((: <80 | <25: syntax error: operand expected (error token is "<80 | <25")
stty: 'standard input': Inappropriate ioctl for device
stty: 'standard input': Inappropriate ioctl for device
/usr/bin/bashtop: line 451: ((: <80 | <25: syntax error: operand expected (error token is "<80 | <25")
stty: 'standard input': Inappropriate ioctl for device
stty: 'standard input': Inappropriate ioctl for device
/usr/bin/bashtop: line 451: ((: <80 | <25: syntax error: operand expected (error token is "<80 | <25")
stty: 'standard input': Inappropriate ioctl for device
stty: 'standard input': Inappropriate ioctl for device
/usr/bin/bashtop: line 451: ((: <80 | <25: syntax error: operand expected (error token is "<80 | <25")
stty: 'standard input': Inappropriate ioctl for device
stty: 'standard input': Inappropriate ioctl for device
/usr/bin/bashtop: line 451: ((: <80 | <25: syntax error: operand expected (error token is "<80 | <25")
stty: 'standard input': Inappropriate ioctl for device
stty: 'standard input': Inappropriate ioctl for device
/usr/bin/bashtop: line 451: ((: <80 | <25: syntax error: operand expected (error token is "<80 | <25")
stty: 'standard input': Inappropriate ioctl for device
stty: 'standard input': Inappropriate ioctl for device
/usr/bin/bashtop: line 451: ((: <80 | <25: syntax error: operand expected (error token is "<80 | <25")
stty: 'standard input': Inappropriate ioctl for device
stty: 'standard input': Inappropriate ioctl for device
/usr/bin/bashtop: line 451: ((: <80 | <25: syntax error: operand expected (error token is "<80 | <25")
stty: 'standard input': Inappropriate ioctl for device
stty: 'standard input': Inappropriate ioctl for device
/usr/bin/bashtop: line 451: ((: <80 | <25: syntax error: operand expected (error token is "<80 | <25")
stty: 'standard input': Inappropriate ioctl for device
stty: 'standard input': Inappropriate ioctl for device
/usr/bin/bashtop: line 451: ((: <80 | <25: syntax error: operand expected (error token is "<80 | <25")
stty: 'standard input': Inappropriate ioctl for device
stty: 'standard input': Inappropriate ioctl for device
/usr/bin/bashtop: line 451: ((: <80 | <25: syntax error: operand expected (error token is "<80 | <25")
stty: 'standard input': Inappropriate ioctl for device
stty: 'standard input': Inappropriate ioctl for device
/usr/bin/bashtop: line 451: ((: <80 | <25: syntax error: operand expected (error token is "<80 | <25")
stty: 'standard input': Inappropriate ioctl for device
stty: 'standard input': Inappropriate ioctl for device
/usr/bin/bashtop: line 451: ((: <80 | <25: syntax error: operand expected (error token is "<80 | <25")
stty: 'standard input': Inappropriate ioctl for device
stty: 'standard input': Inappropriate ioctl for device
/usr/bin/bashtop: line 451: ((: <80 | <25: syntax error: operand expected (error token is "<80 | <25")
stty: 'standard input': Inappropriate ioctl for device
stty: 'standard input': Inappropriate ioctl for device
/usr/bin/bashtop: line 451: ((: <80 | <25: syntax error: operand expected (error token is "<80 | <25")
stty: 'standard input': Inappropriate ioctl for device
stty: 'standard input': Inappropriate ioctl for device
/usr/bin/bashtop: line 451: ((: <80 | <25: syntax error: operand expected (error token is "<80 | <25")
stty: 'standard input': Inappropriate ioctl for device
stty: 'standard input': Inappropriate ioctl for device
/usr/bin/bashtop: line 451: ((: <80 | <25: syntax error: operand expected (error token is "<80 | <25")
stty: 'standard input': Inappropriate ioctl for device
stty: 'standard input': Inappropriate ioctl for device
/usr/bin/bashtop: line 451: ((: <80 | <25: syntax error: operand expected (error token is "<80 | <25")
stty: 'standard input': Inappropriate ioctl for device
stty: 'standard input': Inappropriate ioctl for device
/usr/bin/bashtop: line 451: ((: <80 | <25: syntax error: operand expected (error token is "<80 | <25")
stty: 'standard input': Inappropriate ioctl for device
stty: 'standard input': Inappropriate ioctl for device
/usr/bin/bashtop: line 451: ((: <80 | <25: syntax error: operand expected (error token is "<80 | <25")
stty: 'standard input': Inappropriate ioctl for device
stty: 'standard input': Inappropriate ioctl for device
/usr/bin/bashtop: line 451: ((: <80 | <25: syntax error: operand expected (error token is "<80 | <25")
stty: 'standard input': Inappropriate ioctl for device
stty: 'standard input': Inappropriate ioctl for device
/usr/bin/bashtop: line 451: ((: <80 | <25: syntax error: operand expected (error token is "<80 | <25")
stty: 'standard input': Inappropriate ioctl for device
stty: 'standard input': Inappropriate ioctl for device
/usr/bin/bashtop: line 451: ((: <80 | <25: syntax error: operand expected (error token is "<80 | <25")
stty: 'standard input': Inappropriate ioctl for device
stty: 'standard input': Inappropriate ioctl for device
/usr/bin/bashtop: line 451: ((: <80 | <25: syntax error: operand expected (error token is "<80 | <25")
stty: 'standard input': Inappropriate ioctl for device
stty: 'standard input': Inappropriate ioctl for device
/usr/bin/bashtop: line 451: ((: <80 | <25: syntax error: operand expected (error token is "<80 | <25")
stty: 'standard input': Inappropriate ioctl for device
stty: 'standard input': Inappropriate ioctl for device
/usr/bin/bashtop: line 451: ((: <80 | <25: syntax error: operand expected (error token is "<80 | <25")
stty: 'standard input': Inappropriate ioctl for device
stty: 'standard input': Inappropriate ioctl for device
/usr/bin/bashtop: line 451: ((: <80 | <25: syntax error: operand expected (error token is "<80 | <25")
stty: 'standard input': Inappropriate ioctl for device
stty: 'standard input': Inappropriate ioctl for device
/usr/bin/bashtop: line 451: ((: <80 | <25: syntax error: operand expected (error token is "<80 | <25")
stty: 'standard input': Inappropriate ioctl for device
stty: 'standard input': Inappropriate ioctl for device
/usr/bin/bashtop: line 451: ((: <80 | <25: syntax error: operand expected (error token is "<80 | <25")
stty: 'standard input': Inappropriate ioctl for device
stty: 'standard input': Inappropriate ioctl for device
/usr/bin/bashtop: line 451: ((: <80 | <25: syntax error: operand expected (error token is "<80 | <25")
stty: 'standard input': Inappropriate ioctl for device
stty: 'standard input': Inappropriate ioctl for device
/usr/bin/bashtop: line 451: ((: <80 | <25: syntax error: operand expected (error token is "<80 | <25")
stty: 'standard input': Inappropriate ioctl for device
stty: 'standard input': Inappropriate ioctl for device
/usr/bin/bashtop: line 451: ((: <80 | <25: syntax error: operand expected (error token is "<80 | <25")
stty: 'standard input': Inappropriate ioctl for device
stty: 'standard input': Inappropriate ioctl for device
/usr/bin/bashtop: line 451: ((: <80 | <25: syntax error: operand expected (error token is "<80 | <25")
stty: 'standard input': Inappropriate ioctl for device
stty: 'standard input': Inappropriate ioctl for device
/usr/bin/bashtop: line 451: ((: <80 | <25: syntax error: operand expected (error token is "<80 | <25")
stty: 'standard input': Inappropriate ioctl for device
stty: 'standard input': Inappropriate ioctl for device
/usr/bin/bashtop: line 451: ((: <80 | <25: syntax error: operand expected (error token is "<80 | <25")
stty: 'standard input': Inappropriate ioctl for device
stty: 'standard input': Inappropriate ioctl for device
/usr/bin/bashtop: line 451: ((: <80 | <25: syntax error: operand expected (error token is "<80 | <25")
stty: 'standard input': Inappropriate ioctl for device
stty: 'standard input': Inappropriate ioctl for device
/usr/bin/bashtop: line 451: ((: <80 | <25: syntax error: operand expected (error token is "<80 | <25")
stty: 'standard input': Inappropriate ioctl for device
stty: 'standard input': Inappropriate ioctl for device
/usr/bin/bashtop: line 451: ((: <80 | <25: syntax error: operand expected (error token is "<80 | <25")
stty: 'standard input': Inappropriate ioctl for device
stty: 'standard input': Inappropriate ioctl for device
/usr/bin/bashtop: line 451: ((: <80 | <25: syntax error: operand expected (error token is "<80 | <25")
stty: 'standard input': Inappropriate ioctl for device
stty: 'standard input': Inappropriate ioctl for device
/usr/bin/bashtop: line 451: ((: <80 | <25: syntax error: operand expected (error token is "<80 | <25")
stty: 'standard input': Inappropriate ioctl for device
stty: 'standard input': Inappropriate ioctl for device
/usr/bin/bashtop: line 451: ((: <80 | <25: syntax error: operand expected (error token is "<80 | <25")
stty: 'standard input': Inappropriate ioctl for device
stty: 'standard input': Inappropriate ioctl for device
/usr/bin/bashtop: line 451: ((: <80 | <25: syntax error: operand expected (error token is "<80 | <25")
stty: 'standard input': Inappropriate ioctl for device
stty: 'standard input': Inappropriate ioctl for device
/usr/bin/bashtop: line 451: ((: <80 | <25: syntax error: operand expected (error token is "<80 | <25")
stty: 'standard input': Inappropriate ioctl for device
stty: 'standard input': Inappropriate ioctl for device
/usr/bin/bashtop: line 451: ((: <80 | <25: syntax error: operand expected (error token is "<80 | <25")
stty: 'standard input': Inappropriate ioctl for device
stty: 'standard input': Inappropriate ioctl for device
/usr/bin/bashtop: line 451: ((: <80 | <25: syntax error: operand expected (error token is "<80 | <25")
stty: 'standard input': Inappropriate ioctl for device
stty: 'standard input': Inappropriate ioctl for device
/usr/bin/bashtop: line 451: ((: <80 | <25: syntax error: operand expected (error token is "<80 | <25")
stty: 'standard input': Inappropriate ioctl for device
stty: 'standard input': Inappropriate ioctl for device
/usr/bin/bashtop: line 451: ((: <80 | <25: syntax error: operand expected (error token is "<80 | <25")
stty: 'standard input': Inappropriate ioctl for device
stty: 'standard input': Inappropriate ioctl for device
/usr/bin/bashtop: line 451: ((: <80 | <25: syntax error: operand expected (error token is "<80 | <25")
stty: 'standard input': Inappropriate ioctl for device
stty: 'standard input': Inappropriate ioctl for device
/usr/bin/bashtop: line 451: ((: <80 | <25: syntax error: operand expected (error token is "<80 | <25")
stty: 'standard input': Inappropriate ioctl for device
stty: 'standard input': Inappropriate ioctl for device
/usr/bin/bashtop: line 451: ((: <80 | <25: syntax error: operand expected (error token is "<80 | <25")
stty: 'standard input': Inappropriate ioctl for device
stty: 'standard input': Inappropriate ioctl for device
/usr/bin/bashtop: line 451: ((: <80 | <25: syntax error: operand expected (error token is "<80 | <25")
stty: 'standard input': Inappropriate ioctl for device
stty: 'standard input': Inappropriate ioctl for device
/usr/bin/bashtop: line 451: ((: <80 | <25: syntax error: operand expected (error token is "<80 | <25")
stty: 'standard input': Inappropriate ioctl for device
stty: 'standard input': Inappropriate ioctl for device
/usr/bin/bashtop: line 451: ((: <80 | <25: syntax error: operand expected (error token is "<80 | <25")
stty: 'standard input': Inappropriate ioctl for device
stty: 'standard input': Inappropriate ioctl for device
/usr/bin/bashtop: line 451: ((: <80 | <25: syntax error: operand expected (error token is "<80 | <25")
stty: 'standard input': Inappropriate ioctl for device
stty: 'standard input': Inappropriate ioctl for device
/usr/bin/bashtop: line 451: ((: <80 | <25: syntax error: operand expected (error token is "<80 | <25")
stty: 'standard input': Inappropriate ioctl for device
stty: 'standard input': Inappropriate ioctl for device
/usr/bin/bashtop: line 451: ((: <80 | <25: syntax error: operand expected (error token is "<80 | <25")
stty: 'standard input': Inappropriate ioctl for device
stty: 'standard input': Inappropriate ioctl for device
/usr/bin/bashtop: line 451: ((: <80 | <25: syntax error: operand expected (error token is "<80 | <25")
stty: 'standard input': Inappropriate ioctl for device
stty: 'standard input': Inappropriate ioctl for device
/usr/bin/bashtop: line 451: ((: <80 | <25: syntax error: operand expected (error token is "<80 | <25")
stty: 'standard input': Inappropriate ioctl for device
stty: 'standard input': Inappropriate ioctl for device
/usr/bin/bashtop: line 451: ((: <80 | <25: syntax error: operand expected (error token is "<80 | <25")
stty: 'standard input': Inappropriate ioctl for device
stty: 'standard input': Inappropriate ioctl for device
/usr/bin/bashtop: line 451: ((: <80 | <25: syntax error: operand expected (error token is "<80 | <25")
stty: 'standard input': Inappropriate ioctl for device
stty: 'standard input': Inappropriate ioctl for device
/usr/bin/bashtop: line 451: ((: <80 | <25: syntax error: operand expected (error token is "<80 | <25")
stty: 'standard input': Inappropriate ioctl for device
stty: 'standard input': Inappropriate ioctl for device
/usr/bin/bashtop: line 451: ((: <80 | <25: syntax error: operand expected (error token is "<80 | <25")
stty: 'standard input': Inappropriate ioctl for device
stty: 'standard input': Inappropriate ioctl for device
/usr/bin/bashtop: line 451: ((: <80 | <25: syntax error: operand expected (error token is "<80 | <25")
stty: 'standard input': Inappropriate ioctl for device
stty: 'standard input': Inappropriate ioctl for device
/usr/bin/bashtop: line 451: ((: <80 | <25: syntax error: operand expected (error token is "<80 | <25")
stty: 'standard input': Inappropriate ioctl for device
stty: 'standard input': Inappropriate ioctl for device
/usr/bin/bashtop: line 451: ((: <80 | <25: syntax error: operand expected (error token is "<80 | <25")
stty: 'standard input': Inappropriate ioctl for device
stty: 'standard input': Inappropriate ioctl for device
/usr/bin/bashtop: line 451: ((: <80 | <25: syntax error: operand expected (error token is "<80 | <25")
stty: 'standard input': Inappropriate ioctl for device
stty: 'standard input': Inappropriate ioctl for device
/usr/bin/bashtop: line 451: ((: <80 | <25: syntax error: operand expected (error token is "<80 | <25")
stty: 'standard input': Inappropriate ioctl for device
stty: 'standard input': Inappropriate ioctl for device
/usr/bin/bashtop: line 451: ((: <80 | <25: syntax error: operand expected (error token is "<80 | <25")
stty: 'standard input': Inappropriate ioctl for device
stty: 'standard input': Inappropriate ioctl for device
/usr/bin/bashtop: line 451: ((: <80 | <25: syntax error: operand expected (error token is "<80 | <25")
stty: 'standard input': Inappropriate ioctl for device
stty: 'standard input': Inappropriate ioctl for device
/usr/bin/bashtop: line 451: ((: <80 | <25: syntax error: operand expected (error token is "<80 | <25")
stty: 'standard input': Inappropriate ioctl for device
stty: 'standard input': Inappropriate ioctl for device
/usr/bin/bashtop: line 451: ((: <80 | <25: syntax error: operand expected (error token is "<80 | <25")
stty: 'standard input': Inappropriate ioctl for device
stty: 'standard input': Inappropriate ioctl for device
/usr/bin/bashtop: line 451: ((: <80 | <25: syntax error: operand expected (error token is "<80 | <25")
stty: 'standard input': Inappropriate ioctl for device
stty: 'standard input': Inappropriate ioctl for device
/usr/bin/bashtop: line 451: ((: <80 | <25: syntax error: operand expected (error token is "<80 | <25")
stty: 'standard input': Inappropriate ioctl for device
stty: 'standard input': Inappropriate ioctl for device
/usr/bin/bashtop: line 451: ((: <80 | <25: syntax error: operand expected (error token is "<80 | <25")
stty: 'standard input': Inappropriate ioctl for device
stty: 'standard input': Inappropriate ioctl for device
/usr/bin/bashtop: line 451: ((: <80 | <25: syntax error: operand expected (error token is "<80 | <25")
stty: 'standard input': Inappropriate ioctl for device
stty: 'standard input': Inappropriate ioctl for device
/usr/bin/bashtop: line 451: ((: <80 | <25: syntax error: operand expected (error token is "<80 | <25")
stty: 'standard input': Inappropriate ioctl for device
stty: 'standard input': Inappropriate ioctl for device
/usr/bin/bashtop: line 451: ((: <80 | <25: syntax error: operand expected (error token is "<80 | <25")
stty: 'standard input': Inappropriate ioctl for device
stty: 'standard input': Inappropriate ioctl for device
/usr/bin/bashtop: line 451: ((: <80 | <25: syntax error: operand expected (error token is "<80 | <25")
stty: 'standard input': Inappropriate ioctl for device
stty: 'standard input': Inappropriate ioctl for device
/usr/bin/bashtop: line 451: ((: <80 | <25: syntax error: operand expected (error token is "<80 | <25")
stty: 'standard input': Inappropriate ioctl for device
stty: 'standard input': Inappropriate ioctl for device
/usr/bin/bashtop: line 451: ((: <80 | <25: syntax error: operand expected (error token is "<80 | <25")
stty: 'standard input': Inappropriate ioctl for device
stty: 'standard input': Inappropriate ioctl for device
/usr/bin/bashtop: line 451: ((: <80 | <25: syntax error: operand expected (error token is "<80 | <25")
stty: 'standard input': Inappropriate ioctl for device
stty: 'standard input': Inappropriate ioctl for device
/usr/bin/bashtop: line 451: ((: <80 | <25: syntax error: operand expected (error token is "<80 | <25")
stty: 'standard input': Inappropriate ioctl for device
stty: 'standard input': Inappropriate ioctl for device
/usr/bin/bashtop: line 451: ((: <80 | <25: syntax error: operand expected (error token is "<80 | <25")
stty: 'standard input': Inappropriate ioctl for device
stty: 'standard input': Inappropriate ioctl for device
/usr/bin/bashtop: line 451: ((: <80 | <25: syntax error: operand expected (error token is "<80 | <25")
stty: 'standard input': Inappropriate ioctl for device
stty: 'standard input': Inappropriate ioctl for device
/usr/bin/bashtop: line 451: ((: <80 | <25: syntax error: operand expected (error token is "<80 | <25")
stty: 'standard input': Inappropriate ioctl for device
stty: 'standard input': Inappropriate ioctl for device
/usr/bin/bashtop: line 451: ((: <80 | <25: syntax error: operand expected (error token is "<80 | <25")
stty: 'standard input': Inappropriate ioctl for device
stty: 'standard input': Inappropriate ioctl for device
/usr/bin/bashtop: line 451: ((: <80 | <25: syntax error: operand expected (error token is "<80 | <25")
stty: 'standard input': Inappropriate ioctl for device
stty: 'standard input': Inappropriate ioctl for device
/usr/bin/bashtop: line 451: ((: <80 | <25: syntax error: operand expected (error token is "<80 | <25")
stty: 'standard input': Inappropriate ioctl for device
stty: 'standard input': Inappropriate ioctl for device
/usr/bin/bashtop: line 451: ((: <80 | <25: syntax error: operand expected (error token is "<80 | <25")
stty: 'standard input': Inappropriate ioctl for device
stty: 'standard input': Inappropriate ioctl for device
/usr/bin/bashtop: line 451: ((: <80 | <25: syntax error: operand expected (error token is "<80 | <25")
stty: 'standard input': Inappropriate ioctl for device
stty: 'standard input': Inappropriate ioctl for device
/usr/bin/bashtop: line 451: ((: <80 | <25: syntax error: operand expected (error token is "<80 | <25")
stty: 'standard input': Inappropriate ioctl for device
stty: 'standard input': Inappropriate ioctl for device
/usr/bin/bashtop: line 451: ((: <80 | <25: syntax error: operand expected (error token is "<80 | <25")
stty: 'standard input': Inappropriate ioctl for device
stty: 'standard input': Inappropriate ioctl for device
/usr/bin/bashtop: line 451: ((: <80 | <25: syntax error: operand expected (error token is "<80 | <25")
stty: 'standard input': Inappropriate ioctl for device
stty: 'standard input': Inappropriate ioctl for device
/usr/bin/bashtop: line 451: ((: <80 | <25: syntax error: operand expected (error token is "<80 | <25")
stty: 'standard input': Inappropriate ioctl for device
stty: 'standard input': Inappropriate ioctl for device
/usr/bin/bashtop: line 451: ((: <80 | <25: syntax error: operand expected (error token is "<80 | <25")
stty: 'standard input': Inappropriate ioctl for device
stty: 'standard input': Inappropriate ioctl for device
/usr/bin/bashtop: line 451: ((: <80 | <25: syntax error: operand expected (error token is "<80 | <25")
stty: 'standard input': Inappropriate ioctl for device
stty: 'standard input': Inappropriate ioctl for device
/usr/bin/bashtop: line 451: ((: <80 | <25: syntax error: operand expected (error token is "<80 | <25")
stty: 'standard input': Inappropriate ioctl for device
stty: 'standard input': Inappropriate ioctl for device
/usr/bin/bashtop: line 451: ((: <80 | <25: syntax error: operand expected (error token is "<80 | <25")
stty: 'standard input': Inappropriate ioctl for device
stty: 'standard input': Inappropriate ioctl for device
/usr/bin/bashtop: line 451: ((: <80 | <25: syntax error: operand expected (error token is "<80 | <25")
stty: 'standard input': Inappropriate ioctl for device
stty: 'standard input': Inappropriate ioctl for device
/usr/bin/bashtop: line 451: ((: <80 | <25: syntax error: operand expected (error token is "<80 | <25")
stty: 'standard input': Inappropriate ioctl for device
stty: 'standard input': Inappropriate ioctl for device
/usr/bin/bashtop: line 451: ((: <80 | <25: syntax error: operand expected (error token is "<80 | <25")
stty: 'standard input': Inappropriate ioctl for device
stty: 'standard input': Inappropriate ioctl for device
/usr/bin/bashtop: line 451: ((: <80 | <25: syntax error: operand expected (error token is "<80 | <25")
stty: 'standard input': Inappropriate ioctl for device
stty: 'standard input': Inappropriate ioctl for device
/usr/bin/bashtop: line 451: ((: <80 | <25: syntax error: operand expected (error token is "<80 | <25")
stty: 'standard input': Inappropriate ioctl for device
stty: 'standard input': Inappropriate ioctl for device
/usr/bin/bashtop: line 451: ((: <80 | <25: syntax error: operand expected (error token is "<80 | <25")
stty: 'standard input': Inappropriate ioctl for device
stty: 'standard input': Inappropriate ioctl for device
/usr/bin/bashtop: line 451: ((: <80 | <25: syntax error: operand expected (error token is "<80 | <25")
stty: 'standard input': Inappropriate ioctl for device
stty: 'standard input': Inappropriate ioctl for device
/usr/bin/bashtop: line 451: ((: <80 | <25: syntax error: operand expected (error token is "<80 | <25")
stty: 'standard input': Inappropriate ioctl for device
stty: 'standard input': Inappropriate ioctl for device
/usr/bin/bashtop: line 451: ((: <80 | <25: syntax error: operand expected (error token is "<80 | <25")
stty: 'standard input': Inappropriate ioctl for device
stty: 'standard input': Inappropriate ioctl for device
/usr/bin/bashtop: line 451: ((: <80 | <25: syntax error: operand expected (error token is "<80 | <25")
stty: 'standard input': Inappropriate ioctl for device
stty: 'standard input': Inappropriate ioctl for device
/usr/bin/bashtop: line 451: ((: <80 | <25: syntax error: operand expected (error token is "<80 | <25")
stty: 'standard input': Inappropriate ioctl for device
stty: 'standard input': Inappropriate ioctl for device
/usr/bin/bashtop: line 451: ((: <80 | <25: syntax error: operand expected (error token is "<80 | <25")
stty: 'standard input': Inappropriate ioctl for device
stty: 'standard input': Inappropriate ioctl for device
/usr/bin/bashtop: line 451: ((: <80 | <25: syntax error: operand expected (error token is "<80 | <25")
stty: 'standard input': Inappropriate ioctl for device
stty: 'standard input': Inappropriate ioctl for device
/usr/bin/bashtop: line 451: ((: <80 | <25: syntax error: operand expected (error token is "<80 | <25")
stty: 'standard input': Inappropriate ioctl for device
stty: 'standard input': Inappropriate ioctl for device
/usr/bin/bashtop: line 451: ((: <80 | <25: syntax error: operand expected (error token is "<80 | <25")
stty: 'standard input': Inappropriate ioctl for device
stty: 'standard input': Inappropriate ioctl for device
/usr/bin/bashtop: line 451: ((: <80 | <25: syntax error: operand expected (error token is "<80 | <25")
 
New instance of bashtop version: 0.8.15 Pid: 1225138
 
New instance of bashtop version: 0.8.15 Pid: 1228242
 
New instance of bashtop version: 0.8.15 Pid: 1248428
 
New instance of bashtop version: 0.8.15 Pid: 1254270
 
New instance of bashtop version: 0.8.15 Pid: 216815
 
New instance of bashtop version: 0.8.15 Pid: 260681
 
New instance of bashtop version: 0.8.15 Pid: 4379
 
New instance of bashtop version: 0.8.15 Pid: 57017
 
New instance of bashtop version: 0.8.15 Pid: 1043008
 
New instance of bashtop version: 0.8.15 Pid: 1049140
 
New instance of bashtop version: 0.8.15 Pid: 245894
 
New instance of bashtop version: 0.8.15 Pid: 322005
 
New instance of bashtop version: 0.8.15 Pid: 334037
 
New instance of bashtop version: 0.9.1 Pid: 175558
06:53:39 PM ERROR: On line 2213 
06:53:39 PM ERROR: On line 2213 
06:53:39 PM ERROR: On line 2213 (MUTED!)
06:53:39 PM ERROR: On line 2213 (MUTED!)
 
New instance of bashtop version: 0.9.1 Pid: 54909
08:16:21 PM ERROR: On line 2213 
08:16:21 PM ERROR: On line 2213 
08:16:21 PM ERROR: On line 2213 (MUTED!)
08:16:21 PM ERROR: On line 2213 (MUTED!)
 
New instance of bashtop version: 0.9.1 Pid: 56208
08:19:52 PM ERROR: On line 2213 
08:19:52 PM ERROR: On line 2213 
08:19:52 PM ERROR: On line 2213 (MUTED!)
08:19:52 PM ERROR: On line 2213 (MUTED!)
 
New instance of bashtop version: 0.9.1 Pid: 45469
11:07:30 PM ERROR: On line 2213 
11:07:30 PM ERROR: On line 2213 
11:07:30 PM ERROR: On line 2213 (MUTED!)
11:07:30 PM ERROR: On line 2213 (MUTED!)
 
New instance of bashtop version: 0.9.1 Pid: 3168
17:59:25 ERROR: On line 2213 
17:59:25 ERROR: On line 2213 
17:59:25 ERROR: On line 2213 (MUTED!)
17:59:25 ERROR: On line 2213 (MUTED!)
 
New instance of bashtop version: 0.9.1 Pid: 2736
01:33:13 ERROR: On line 2213 
01:33:13 ERROR: On line 2213 
01:33:13 ERROR: On line 2213 (MUTED!)
01:33:13 ERROR: On line 2213 (MUTED!)
