writeCommonTags: couldn't write 'year' tag to '01 Criado em Galpão.wma' as it's not a positive integer
writeCommonTags: couldn't write 'year' tag to '01 Never Gonna Give You Up.wma' as it's not a positive integer
writeCommonTags: couldn't write 'year' tag to '02 Nossa Vanera.wma' as it's not a positive integer
writeCommonTags: couldn't write 'year' tag to '02 Whenever You Need Somebody.wma' as it's not a positive integer
writeCommonTags: couldn't write 'year' tag to '03 Together Forever.wma' as it's not a positive integer
writeCommonTags: couldn't write 'year' tag to '03 VANERÃO SAMBADO.wma' as it's not a positive integer
writeCommonTags: couldn't write 'year' tag to '04 It Would Take a Strong, Strong Man.wma' as it's not a positive integer
writeCommonTags: couldn't write 'year' tag to '04 Peão Não Chora.wma' as it's not a positive integer
writeCommonTags: couldn't write 'year' tag to '05 A Primeira Vez.wma' as it's not a positive integer
writeCommonTags: couldn't write 'year' tag to '05 The Love Has Gone.wma' as it's not a positive integer
writeCommonTags: couldn't write 'year' tag to '06 BATE COXA NO TOTONHO.wma' as it's not a positive integer
writeCommonTags: couldn't write 'year' tag to '06 Don't Say Goodbye.wma' as it's not a positive integer
writeCommonTags: couldn't write 'year' tag to '07 Não Chora China Véia.wma' as it's not a positive integer
writeCommonTags: couldn't write 'year' tag to '07 Slipping Away.wma' as it's not a positive integer
writeCommonTags: couldn't write 'year' tag to '08 Morena Rosa.wma' as it's not a positive integer
writeCommonTags: couldn't write 'year' tag to '08 No More Looking for Love.wma' as it's not a positive integer
writeCommonTags: couldn't write 'year' tag to '09 Baile na Serra.wma' as it's not a positive integer
writeCommonTags: couldn't write 'year' tag to '09 You Move Me.wma' as it's not a positive integer
writeCommonTags: couldn't write 'year' tag to '10 Bailanta do Tio Flor.wma' as it's not a positive integer
TagLib: ID3v2.4 no longer supports the frame type TDAT.  It will be discarded from the tag.
TagLib: ID3v2.4 no longer supports the frame type TDAT.  It will be discarded from the tag.
TagLib: ID3v2.4 no longer supports the frame type TDAT.  It will be discarded from the tag.
TagLib: ID3v2.4 no longer supports the frame type TDAT.  It will be discarded from the tag.
TagLib: ID3v2.4 no longer supports the frame type TDAT.  It will be discarded from the tag.
TagLib: ID3v2.4 no longer supports the frame type TDAT.  It will be discarded from the tag.
TagLib: ID3v2.4 no longer supports the frame type TDAT.  It will be discarded from the tag.
TagLib: ID3v2.4 no longer supports the frame type TDAT.  It will be discarded from the tag.
writeCommonTags: couldn't write 'year' tag to '11 Amizade de Gaiteiro.wma' as it's not a positive integer
TagLib: ID3v2.4 no longer supports the frame type TDAT.  It will be discarded from the tag.
TagLib: ID3v2.4 no longer supports the frame type TDAT.  It will be discarded from the tag.
TagLib: ID3v2.4 no longer supports the frame type TDAT.  It will be discarded from the tag.
TagLib: ID3v2.4 no longer supports the frame type TDAT.  It will be discarded from the tag.
writeCommonTags: couldn't write 'year' tag to '12 Iguaria Campeira.wma' as it's not a positive integer
writeCommonTags: couldn't write 'year' tag to '13 Bailanta do Tio Flor.wma' as it's not a positive integer
writeCommonTags: couldn't write 'year' tag to '14 Bailanta do Tio Flor.wma' as it's not a positive integer
TagLib: ID3v2.4 no longer supports the frame type TDAT.  It will be discarded from the tag.
TagLib: ID3v2.4 no longer supports the frame type TDAT.  It will be discarded from the tag.
TagLib: ID3v2.4 no longer supports the frame type TDAT.  It will be discarded from the tag.
TagLib: ID3v2.4 no longer supports the frame type TDAT.  It will be discarded from the tag.
TagLib: ID3v2.4 no longer supports the frame type TDAT.  It will be discarded from the tag.
TagLib: ID3v2.4 no longer supports the frame type TDAT.  It will be discarded from the tag.
TagLib: ID3v2.4 no longer supports the frame type TDAT.  It will be discarded from the tag.
TagLib: ID3v2.4 no longer supports the frame type TDAT.  It will be discarded from the tag.
TagLib: ID3v2.4 no longer supports the frame type TDAT.  It will be discarded from the tag.
TagLib: ID3v2.4 no longer supports the frame type TDAT.  It will be discarded from the tag.
TagLib: ID3v2.4 no longer supports the frame type TDAT.  It will be discarded from the tag.
TagLib: ID3v2.4 no longer supports the frame type TDAT.  It will be discarded from the tag.
TagLib: ID3v2.4 no longer supports the frame type TDAT.  It will be discarded from the tag.
TagLib: ID3v2.4 no longer supports the frame type TDAT.  It will be discarded from the tag.
TagLib: ID3v2.4 no longer supports the frame type TDAT.  It will be discarded from the tag.
TagLib: ID3v2.4 no longer supports the frame type TDAT.  It will be discarded from the tag.
TagLib: ID3v2.4 no longer supports the frame type TDAT.  It will be discarded from the tag.
TagLib: ID3v2.4 no longer supports the frame type TDAT.  It will be discarded from the tag.
TagLib: A picture frame must contain at least 5 bytes.
TagLib: A picture frame must contain at least 5 bytes.
TagLib: A picture frame must contain at least 5 bytes.
TagLib: A picture frame must contain at least 5 bytes.
TagLib: A picture frame must contain at least 5 bytes.
TagLib: A picture frame must contain at least 5 bytes.
TagLib: MPEG::Header::parse() -- data is too short for an MPEG frame header.
TagLib: A picture frame must contain at least 5 bytes.
TagLib: A picture frame must contain at least 5 bytes.
TagLib: A picture frame must contain at least 5 bytes.
TagLib: A picture frame must contain at least 5 bytes.
TagLib: A picture frame must contain at least 5 bytes.
TagLib: A picture frame must contain at least 5 bytes.
TagLib: A picture frame must contain at least 5 bytes.
writeCommonTags: couldn't write 'year' tag to 'Rick Astley-When I Fall in Love.m4a' as it's not a positive integer
TagLib: A picture frame must contain at least 5 bytes.
TagLib: Could not open file /home/colps/Music/- joao neto & frederico - bebo e dou trabalho(2).mp3
TagLib: Could not open file /home/colps/Music/- joao neto & frederico - bebo e dou trabalho(2).mp3
TagLib: Could not open file /home/colps/Music/- joao neto & frederico - bebo e dou trabalho(2).mp3
